{
    "timestamp": "2026-01-08_16-42-53",
    "checkers_used": [
        "mypy",
        "pyrefly",
        "zuban",
        "ty"
    ],
    "results": [
        {
            "filename": "protocol-added-default-arg.py",
            "filepath": "generated_examples/2026-01-08_16-42-53/source_files/protocol-added-default-arg.py",
            "outputs": {
                "mypy": "Success: no issues found in 1 source file",
                "pyrefly": "[STDERR]\n INFO 0 errors",
                "zuban": "Success: no issues found in 1 source file",
                "ty": "All checks passed!"
            }
        },
        {
            "filename": "newtype-generic-identity-callable.py",
            "filepath": "generated_examples/2026-01-08_16-42-53/source_files/newtype-generic-identity-callable.py",
            "outputs": {
                "mypy": "Success: no issues found in 1 source file",
                "pyrefly": "ERROR Argument `type[OrderId]` is not assignable to parameter `item_class` with type `type[@_]` in function `create_processor` [bad-argument-type]\n  --> generated_examples/2026-01-08_16-42-53/source_files/newtype-generic-identity-callable.py:35:43\n   |\n35 |     order_id_processor = create_processor(OrderId)\n   |                                           ^^^^^^^\n   |\n\n[STDERR]\n INFO 1 error",
                "zuban": "generated_examples/2026-01-08_16-42-53/source_files/newtype-generic-identity-callable.py:26: error: \"type[T]\" has no attribute \"__name__\"  [attr-defined]\ngenerated_examples/2026-01-08_16-42-53/source_files/newtype-generic-identity-callable.py:35: error: Need type annotation for \"order_id_processor\"  [var-annotated]\ngenerated_examples/2026-01-08_16-42-53/source_files/newtype-generic-identity-callable.py:35: error: Argument 1 to \"create_processor\" has incompatible type \"type[OrderId]\"; expected \"type[Never]\"  [arg-type]\nFound 3 errors in 1 file (checked 1 source file)",
                "ty": "error[invalid-argument-type]: Argument to function `create_processor` is incorrect\n  --> generated_examples/2026-01-08_16-42-53/source_files/newtype-generic-identity-callable.py:35:43\n   |\n33 |     print(int_processor.process(123))\n34 |\n35 |     order_id_processor = create_processor(OrderId)\n   |                                           ^^^^^^^ Expected `type[Unknown]`, found `<NewType pseudo-class 'OrderId'>`\n36 |     print(order_id_processor.process(OrderId(456)))\n37 |     # mypy: No error\n   |\ninfo: Function defined here\n  --> generated_examples/2026-01-08_16-42-53/source_files/newtype-generic-identity-callable.py:28:5\n   |\n26 |         return f\"Processing {self.item_type.__name__}: {value}\"\n27 |\n28 | def create_processor(item_class: Type[T]) -> Processor[T]:\n   |     ^^^^^^^^^^^^^^^^ ------------------- Parameter declared here\n29 |     return Processor(item_class)\n   |\ninfo: rule `invalid-argument-type` is enabled by default\n\nFound 1 diagnostic"
            }
        },
        {
            "filename": "overload-literal-discrimination-complex-union.py",
            "filepath": "generated_examples/2026-01-08_16-42-53/source_files/overload-literal-discrimination-complex-union.py",
            "outputs": {
                "mypy": "generated_examples/2026-01-08_16-42-53/source_files/overload-literal-discrimination-complex-union.py:45: note: Revealed type is \"overload-literal-discrimination-complex-union.Response\"\ngenerated_examples/2026-01-08_16-42-53/source_files/overload-literal-discrimination-complex-union.py:48: note: Revealed type is \"overload-literal-discrimination-complex-union.Response\"\nSuccess: no issues found in 1 source file",
                "pyrefly": "ERROR `reveal_type` must be imported from `typing` for runtime usage [unknown-name]\n  --> generated_examples/2026-01-08_16-42-53/source_files/overload-literal-discrimination-complex-union.py:45:5\n   |\n45 |     reveal_type(result_get) # Expected: Response (Mypy, Pyright), Union[Response, ErrorResponse] (Pyre)\n   |     ^^^^^^^^^^^\n   |\n INFO revealed type: Response [reveal-type]\n  --> generated_examples/2026-01-08_16-42-53/source_files/overload-literal-discrimination-complex-union.py:45:16\n   |\n45 |     reveal_type(result_get) # Expected: Response (Mypy, Pyright), Union[Response, ErrorResponse] (Pyre)\n   |                ------------\n   |\nERROR `reveal_type` must be imported from `typing` for runtime usage [unknown-name]\n  --> generated_examples/2026-01-08_16-42-53/source_files/overload-literal-discrimination-complex-union.py:48:5\n   |\n48 |     reveal_type(result_put) # Expected: ErrorResponse (all should agree, as it hits the catch-all)\n   |     ^^^^^^^^^^^\n   |\n INFO revealed type: ErrorResponse | Response [reveal-type]\n  --> generated_examples/2026-01-08_16-42-53/source_files/overload-literal-discrimination-complex-union.py:48:16\n   |\n48 |     reveal_type(result_put) # Expected: ErrorResponse (all should agree, as it hits the catch-all)\n   |                ------------\n   |\n\n[STDERR]\n INFO 2 errors",
                "zuban": "generated_examples/2026-01-08_16-42-53/source_files/overload-literal-discrimination-complex-union.py:45: note: Revealed type is \"generated_examples.2026-01-08_16-42-53.source_files.overload-literal-discrimination-complex-union.Response\"\ngenerated_examples/2026-01-08_16-42-53/source_files/overload-literal-discrimination-complex-union.py:48: note: Revealed type is \"generated_examples.2026-01-08_16-42-53.source_files.overload-literal-discrimination-complex-union.Response | generated_examples.2026-01-08_16-42-53.source_files.overload-literal-discrimination-complex-union.ErrorResponse\"\nSuccess: no issues found in 1 source file",
                "ty": "warning[undefined-reveal]: `reveal_type` used without importing it\n  --> generated_examples/2026-01-08_16-42-53/source_files/overload-literal-discrimination-complex-union.py:45:5\n   |\n43 | if __name__ == \"__main__\":\n44 |     result_get = handle_request(\"get\")\n45 |     reveal_type(result_get) # Expected: Response (Mypy, Pyright), Union[Response, ErrorResponse] (Pyre)\n   |     ^^^^^^^^^^^\n46 |\n47 |     result_put = handle_request(\"put\")\n   |\ninfo: This is allowed for debugging convenience but will fail at runtime\ninfo: rule `undefined-reveal` is enabled by default\n\ninfo[revealed-type]: Revealed type\n  --> generated_examples/2026-01-08_16-42-53/source_files/overload-literal-discrimination-complex-union.py:45:17\n   |\n43 | if __name__ == \"__main__\":\n44 |     result_get = handle_request(\"get\")\n45 |     reveal_type(result_get) # Expected: Response (Mypy, Pyright), Union[Response, ErrorResponse] (Pyre)\n   |                 ^^^^^^^^^^ `Response`\n46 |\n47 |     result_put = handle_request(\"put\")\n   |\n\nwarning[undefined-reveal]: `reveal_type` used without importing it\n  --> generated_examples/2026-01-08_16-42-53/source_files/overload-literal-discrimination-complex-union.py:48:5\n   |\n47 |     result_put = handle_request(\"put\")\n48 |     reveal_type(result_put) # Expected: ErrorResponse (all should agree, as it hits the catch-all)\n   |     ^^^^^^^^^^^\n49 |     # mypy: Revealed type is \"main.Response\"\n50 |     # pyright: Type of \"result_get\" is \"Response\"\n   |\ninfo: This is allowed for debugging convenience but will fail at runtime\ninfo: rule `undefined-reveal` is enabled by default\n\ninfo[revealed-type]: Revealed type\n  --> generated_examples/2026-01-08_16-42-53/source_files/overload-literal-discrimination-complex-union.py:48:17\n   |\n47 |     result_put = handle_request(\"put\")\n48 |     reveal_type(result_put) # Expected: ErrorResponse (all should agree, as it hits the catch-all)\n   |                 ^^^^^^^^^^ `Response`\n49 |     # mypy: Revealed type is \"main.Response\"\n50 |     # pyright: Type of \"result_get\" is \"Response\"\n   |\n\nFound 4 diagnostics"
            }
        },
        {
            "filename": "typeguard-generic-list-append.py",
            "filepath": "generated_examples/2026-01-08_16-42-53/source_files/typeguard-generic-list-append.py",
            "outputs": {
                "mypy": "Success: no issues found in 1 source file",
                "pyrefly": "[STDERR]\n INFO 0 errors",
                "zuban": "Success: no issues found in 1 source file",
                "ty": "All checks passed!"
            }
        },
        {
            "filename": "paramspec-classmethod-generic-decorator.py",
            "filepath": "generated_examples/2026-01-08_16-42-53/source_files/paramspec-classmethod-generic-decorator.py",
            "outputs": {
                "mypy": "Success: no issues found in 1 source file",
                "pyrefly": "[STDERR]\n INFO 0 errors",
                "zuban": "Success: no issues found in 1 source file",
                "ty": "error[unresolved-attribute]: Object of type `(**P@debug_log) -> R@debug_log` has no attribute `__name__`\n  --> generated_examples/2026-01-08_16-42-53/source_files/paramspec-classmethod-generic-decorator.py:22:26\n   |\n20 | def debug_log(func: Callable[P, R]) -> Callable[P, R]:\n21 |     def wrapper(*args: P.args, **kwargs: P.kwargs) -> R:\n22 |         print(f\"Calling {func.__name__} with args: {args}, kwargs: {kwargs}\")\n   |                          ^^^^^^^^^^^^^\n23 |         return func(*args, **kwargs)\n24 |     return wrapper\n   |\ninfo: rule `unresolved-attribute` is enabled by default\n\nerror[missing-argument]: No argument provided for required parameter `config`\n  --> generated_examples/2026-01-08_16-42-53/source_files/paramspec-classmethod-generic-decorator.py:38:5\n   |\n37 | if __name__ == \"__main__\":\n38 |     Logger.create_instance(\"main_logger\", {\"level\": \"INFO\"})\n   |     ^^^^^^^^^^^^^^^^^^^^^^^^^^^^^^^^^^^^^^^^^^^^^^^^^^^^^^^^\n39 |     # mypy: Argument 1 to \"debug_log\" has incompatible type \"classmethod[Callable[[Type[Logger], str, dict[Any, Any]], Logger]]\"; expe\u2026\n40 |     # pyright: No error\n   |\ninfo: Union variant `(cls: @Todo, name: str, config: dict[Any, Any]) -> Unknown` is incompatible with this call site\ninfo: Attempted to call union type `((cls: @Todo, name: str, config: dict[Any, Any]) -> Unknown) | ((cls: Divergent, name: Divergent, config: Divergent) -> Unknown)`\ninfo: rule `missing-argument` is enabled by default\n\nerror[missing-argument]: No argument provided for required parameter `config`\n  --> generated_examples/2026-01-08_16-42-53/source_files/paramspec-classmethod-generic-decorator.py:38:5\n   |\n37 | if __name__ == \"__main__\":\n38 |     Logger.create_instance(\"main_logger\", {\"level\": \"INFO\"})\n   |     ^^^^^^^^^^^^^^^^^^^^^^^^^^^^^^^^^^^^^^^^^^^^^^^^^^^^^^^^\n39 |     # mypy: Argument 1 to \"debug_log\" has incompatible type \"classmethod[Callable[[Type[Logger], str, dict[Any, Any]], Logger]]\"; expe\u2026\n40 |     # pyright: No error\n   |\ninfo: Union variant `(cls: Divergent, name: Divergent, config: Divergent) -> Unknown` is incompatible with this call site\ninfo: Attempted to call union type `((cls: @Todo, name: str, config: dict[Any, Any]) -> Unknown) | ((cls: Divergent, name: Divergent, config: Divergent) -> Unknown)`\ninfo: rule `missing-argument` is enabled by default\n\nerror[invalid-argument-type]: Argument is incorrect\n  --> generated_examples/2026-01-08_16-42-53/source_files/paramspec-classmethod-generic-decorator.py:38:43\n   |\n37 | if __name__ == \"__main__\":\n38 |     Logger.create_instance(\"main_logger\", {\"level\": \"INFO\"})\n   |                                           ^^^^^^^^^^^^^^^^^ Expected `str`, found `dict[Unknown | str, Unknown | str]`\n39 |     # mypy: Argument 1 to \"debug_log\" has incompatible type \"classmethod[Callable[[Type[Logger], str, dict[Any, Any]], Logger]]\"; expe\u2026\n40 |     # pyright: No error\n   |\ninfo: Union variant `(cls: @Todo, name: str, config: dict[Any, Any]) -> Unknown` is incompatible with this call site\ninfo: Attempted to call union type `((cls: @Todo, name: str, config: dict[Any, Any]) -> Unknown) | ((cls: Divergent, name: Divergent, config: Divergent) -> Unknown)`\ninfo: rule `invalid-argument-type` is enabled by default\n\nFound 4 diagnostics"
            }
        },
        {
            "filename": "self-in-generic-container-return.py",
            "filepath": "generated_examples/2026-01-08_16-42-53/source_files/self-in-generic-container-return.py",
            "outputs": {
                "mypy": "Success: no issues found in 1 source file",
                "pyrefly": "[STDERR]\n INFO 0 errors",
                "zuban": "Success: no issues found in 1 source file",
                "ty": "All checks passed!"
            }
        },
        {
            "filename": "final-attribute-overridden-by-property.py",
            "filepath": "generated_examples/2026-01-08_16-42-53/source_files/final-attribute-overridden-by-property.py",
            "outputs": {
                "mypy": "generated_examples/2026-01-08_16-42-53/source_files/final-attribute-overridden-by-property.py:23: error: Cannot override final attribute \"PORT\" (previously declared in base class \"ServiceConfig\")  [misc]\nFound 1 error in 1 file (checked 1 source file)",
                "pyrefly": "ERROR `PORT` is declared as final in parent class `ServiceConfig` [bad-override]\n  --> generated_examples/2026-01-08_16-42-53/source_files/final-attribute-overridden-by-property.py:24:9\n   |\n24 |     def PORT(self) -> int: # Mypy/Pyre might error here\n   |         ^^^^\n   |\n\n[STDERR]\n INFO 1 error",
                "zuban": "generated_examples/2026-01-08_16-42-53/source_files/final-attribute-overridden-by-property.py:23: error: Cannot override final attribute \"PORT\" (previously declared in base class \"ServiceConfig\")  [misc]\nFound 1 error in 1 file (checked 1 source file)",
                "ty": "All checks passed!"
            }
        },
        {
            "filename": "typevar-double-bound-with-generic-instantiation.py",
            "filepath": "generated_examples/2026-01-08_16-42-53/source_files/typevar-double-bound-with-generic-instantiation.py",
            "outputs": {
                "mypy": "generated_examples/2026-01-08_16-42-53/source_files/typevar-double-bound-with-generic-instantiation.py:36: error: Value of type variable \"U\" of \"process_generic_logger\" cannot be \"Logger[str]\"  [type-var]\nFound 1 error in 1 file (checked 1 source file)",
                "pyrefly": "ERROR `Logger[str]` is not assignable to upper bound `Logger[object]` of type variable `U` [bad-specialization]\n  --> generated_examples/2026-01-08_16-42-53/source_files/typevar-double-bound-with-generic-instantiation.py:36:27\n   |\n36 |     process_generic_logger(string_logger)\n   |                           ^^^^^^^^^^^^^^^\n   |\n\n[STDERR]\n INFO 1 error",
                "zuban": "generated_examples/2026-01-08_16-42-53/source_files/typevar-double-bound-with-generic-instantiation.py:36: error: Value of type variable \"U\" of \"process_generic_logger\" cannot be \"Logger[str]\"  [type-var]\nFound 1 error in 1 file (checked 1 source file)",
                "ty": "All checks passed!"
            }
        },
        {
            "filename": "typeddict-total-false-with-required-del.py",
            "filepath": "generated_examples/2026-01-08_16-42-53/source_files/typeddict-total-false-with-required-del.py",
            "outputs": {
                "mypy": "generated_examples/2026-01-08_16-42-53/source_files/typeddict-total-false-with-required-del.py:27: error: Key \"id\" of TypedDict \"Task\" cannot be deleted  [misc]\nFound 1 error in 1 file (checked 1 source file)",
                "pyrefly": "ERROR Key `id` in TypedDict `Task` may not be deleted [unsupported-delete]\n  --> generated_examples/2026-01-08_16-42-53/source_files/typeddict-total-false-with-required-del.py:27:23\n   |\n27 |         del task_data['id'] # Mypy/Pyre might error, Pyright might allow.\n   |                       ^^^^\n   |\n\n[STDERR]\n INFO 1 error",
                "zuban": "generated_examples/2026-01-08_16-42-53/source_files/typeddict-total-false-with-required-del.py:27: error: Key \"id\" of TypedDict \"Task\" cannot be deleted  [misc]\nFound 1 error in 1 file (checked 1 source file)",
                "ty": "All checks passed!"
            }
        },
        {
            "filename": "protocol-callable-positional-as-keyword-only.py",
            "filepath": "generated_examples/2026-01-08_16-42-53/source_files/protocol-callable-positional-as-keyword-only.py",
            "outputs": {
                "mypy": "generated_examples/2026-01-08_16-42-53/source_files/protocol-callable-positional-as-keyword-only.py:39: error: Invalid syntax  [syntax]\nFound 1 error in 1 file (errors prevented further checking)",
                "pyrefly": "ERROR Could not find name `I` [unknown-name]\n  --> generated_examples/2026-01-08_16-42-53/source_files/protocol-callable-positional-as-keyword-only.py:39:1\n   |\n39 | I performed **2 rounds** of development to generate and validate these examples:\n   | ^\n   |\nERROR Parse error: Simple statements must be separated by newlines or semicolons [parse-error]\n  --> generated_examples/2026-01-08_16-42-53/source_files/protocol-callable-positional-as-keyword-only.py:39:3\n   |\n39 | I performed **2 rounds** of development to generate and validate these examples:\n   |   ^^^^^^^^^\n   |\nERROR Could not find name `performed` [unknown-name]\n  --> generated_examples/2026-01-08_16-42-53/source_files/protocol-callable-positional-as-keyword-only.py:39:3\n   |\n39 | I performed **2 rounds** of development to generate and validate these examples:\n   |   ^^^^^^^^^\n   |\nERROR Parse error: Simple statements must be separated by newlines or semicolons [parse-error]\n  --> generated_examples/2026-01-08_16-42-53/source_files/protocol-callable-positional-as-keyword-only.py:39:17\n   |\n39 | I performed **2 rounds** of development to generate and validate these examples:\n   |                 ^^^^^^\n   |\nERROR Could not find name `rounds` [unknown-name]\n  --> generated_examples/2026-01-08_16-42-53/source_files/protocol-callable-positional-as-keyword-only.py:39:17\n   |\n39 | I performed **2 rounds** of development to generate and validate these examples:\n   |                 ^^^^^^\n   |\n  Did you mean `round`?\nERROR Could not find name `of` [unknown-name]\n  --> generated_examples/2026-01-08_16-42-53/source_files/protocol-callable-positional-as-keyword-only.py:39:26\n   |\n39 | I performed **2 rounds** of development to generate and validate these examples:\n   |                          ^^\n   |\nERROR Parse error: Simple statements must be separated by newlines or semicolons [parse-error]\n  --> generated_examples/2026-01-08_16-42-53/source_files/protocol-callable-positional-as-keyword-only.py:39:29\n   |\n39 | I performed **2 rounds** of development to generate and validate these examples:\n   |                             ^^^^^^^^^^^\n   |\nERROR Could not find name `development` [unknown-name]\n  --> generated_examples/2026-01-08_16-42-53/source_files/protocol-callable-positional-as-keyword-only.py:39:29\n   |\n39 | I performed **2 rounds** of development to generate and validate these examples:\n   |                             ^^^^^^^^^^^\n   |\nERROR Parse error: Simple statements must be separated by newlines or semicolons [parse-error]\n  --> generated_examples/2026-01-08_16-42-53/source_files/protocol-callable-positional-as-keyword-only.py:39:41\n   |\n39 | I performed **2 rounds** of development to generate and validate these examples:\n   |                                         ^^\n   |\nERROR Could not find name `to` [unknown-name]\n  --> generated_examples/2026-01-08_16-42-53/source_files/protocol-callable-positional-as-keyword-only.py:39:41\n   |\n39 | I performed **2 rounds** of development to generate and validate these examples:\n   |                                         ^^\n   |\nERROR Parse error: Simple statements must be separated by newlines or semicolons [parse-error]\n  --> generated_examples/2026-01-08_16-42-53/source_files/protocol-callable-positional-as-keyword-only.py:39:44\n   |\n39 | I performed **2 rounds** of development to generate and validate these examples:\n   |                                            ^^^^^^^^\n   |\nERROR Could not find name `generate` [unknown-name]\n  --> generated_examples/2026-01-08_16-42-53/source_files/protocol-callable-positional-as-keyword-only.py:39:44\n   |\n39 | I performed **2 rounds** of development to generate and validate these examples:\n   |                                            ^^^^^^^^\n   |\n  Did you mean `enumerate`?\nERROR Could not find name `validate` [unknown-name]\n  --> generated_examples/2026-01-08_16-42-53/source_files/protocol-callable-positional-as-keyword-only.py:39:57\n   |\n39 | I performed **2 rounds** of development to generate and validate these examples:\n   |                                                         ^^^^^^^^\n   |\nERROR Parse error: Simple statements must be separated by newlines or semicolons [parse-error]\n  --> generated_examples/2026-01-08_16-42-53/source_files/protocol-callable-positional-as-keyword-only.py:39:66\n   |\n39 | I performed **2 rounds** of development to generate and validate these examples:\n   |                                                                  ^^^^^\n   |\nERROR Could not find name `these` [unknown-name]\n  --> generated_examples/2026-01-08_16-42-53/source_files/protocol-callable-positional-as-keyword-only.py:39:66\n   |\n39 | I performed **2 rounds** of development to generate and validate these examples:\n   |                                                                  ^^^^^\n   |\nERROR Parse error: Simple statements must be separated by newlines or semicolons [parse-error]\n  --> generated_examples/2026-01-08_16-42-53/source_files/protocol-callable-positional-as-keyword-only.py:39:72\n   |\n39 | I performed **2 rounds** of development to generate and validate these examples:\n   |                                                                        ^^^^^^^^\n   |\nERROR Parse error: Expected an expression [parse-error]\n  --> generated_examples/2026-01-08_16-42-53/source_files/protocol-callable-positional-as-keyword-only.py:39:81\n   |\n39 | I performed **2 rounds** of development to generate and validate these examples:\n   |                                                                                 ^\n40 | 1.  Initial generation of 10 unique snippets based on the requested divergence areas.\n   |\nERROR Parse error: Simple statements must be separated by newlines or semicolons [parse-error]\n  --> generated_examples/2026-01-08_16-42-53/source_files/protocol-callable-positional-as-keyword-only.py:40:5\n   |\n40 | 1.  Initial generation of 10 unique snippets based on the requested divergence areas.\n   |     ^^^^^^^\n   |\nERROR Could not find name `Initial` [unknown-name]\n  --> generated_examples/2026-01-08_16-42-53/source_files/protocol-callable-positional-as-keyword-only.py:40:5\n   |\n40 | 1.  Initial generation of 10 unique snippets based on the requested divergence areas.\n   |     ^^^^^^^\n   |\nERROR Parse error: Simple statements must be separated by newlines or semicolons [parse-error]\n  --> generated_examples/2026-01-08_16-42-53/source_files/protocol-callable-positional-as-keyword-only.py:40:13\n   |\n40 | 1.  Initial generation of 10 unique snippets based on the requested divergence areas.\n   |             ^^^^^^^^^^\n   |\nERROR Could not find name `generation` [unknown-name]\n  --> generated_examples/2026-01-08_16-42-53/source_files/protocol-callable-positional-as-keyword-only.py:40:13\n   |\n40 | 1.  Initial generation of 10 unique snippets based on the requested divergence areas.\n   |             ^^^^^^^^^^\n   |\nERROR Parse error: Simple statements must be separated by newlines or semicolons [parse-error]\n  --> generated_examples/2026-01-08_16-42-53/source_files/protocol-callable-positional-as-keyword-only.py:40:24\n   |\n40 | 1.  Initial generation of 10 unique snippets based on the requested divergence areas.\n   |                        ^^\n   |\nERROR Could not find name `of` [unknown-name]\n  --> generated_examples/2026-01-08_16-42-53/source_files/protocol-callable-positional-as-keyword-only.py:40:24\n   |\n40 | 1.  Initial generation of 10 unique snippets based on the requested divergence areas.\n   |                        ^^\n   |\nERROR Parse error: Simple statements must be separated by newlines or semicolons [parse-error]\n  --> generated_examples/2026-01-08_16-42-53/source_files/protocol-callable-positional-as-keyword-only.py:40:27\n   |\n40 | 1.  Initial generation of 10 unique snippets based on the requested divergence areas.\n   |                           ^^\n   |\nERROR Parse error: Simple statements must be separated by newlines or semicolons [parse-error]\n  --> generated_examples/2026-01-08_16-42-53/source_files/protocol-callable-positional-as-keyword-only.py:40:30\n   |\n40 | 1.  Initial generation of 10 unique snippets based on the requested divergence areas.\n   |                              ^^^^^^\n   |\nERROR Could not find name `unique` [unknown-name]\n  --> generated_examples/2026-01-08_16-42-53/source_files/protocol-callable-positional-as-keyword-only.py:40:30\n   |\n40 | 1.  Initial generation of 10 unique snippets based on the requested divergence areas.\n   |                              ^^^^^^\n   |\nERROR Parse error: Simple statements must be separated by newlines or semicolons [parse-error]\n  --> generated_examples/2026-01-08_16-42-53/source_files/protocol-callable-positional-as-keyword-only.py:40:37\n   |\n40 | 1.  Initial generation of 10 unique snippets based on the requested divergence areas.\n   |                                     ^^^^^^^^\n   |\nERROR Could not find name `snippets` [unknown-name]\n  --> generated_examples/2026-01-08_16-42-53/source_files/protocol-callable-positional-as-keyword-only.py:40:37\n   |\n40 | 1.  Initial generation of 10 unique snippets based on the requested divergence areas.\n   |                                     ^^^^^^^^\n   |\nERROR Parse error: Simple statements must be separated by newlines or semicolons [parse-error]\n  --> generated_examples/2026-01-08_16-42-53/source_files/protocol-callable-positional-as-keyword-only.py:40:46\n   |\n40 | 1.  Initial generation of 10 unique snippets based on the requested divergence areas.\n   |                                              ^^^^^\n   |\nERROR Could not find name `based` [unknown-name]\n  --> generated_examples/2026-01-08_16-42-53/source_files/protocol-callable-positional-as-keyword-only.py:40:46\n   |\n40 | 1.  Initial generation of 10 unique snippets based on the requested divergence areas.\n   |                                              ^^^^^\n   |\nERROR Parse error: Simple statements must be separated by newlines or semicolons [parse-error]\n  --> generated_examples/2026-01-08_16-42-53/source_files/protocol-callable-positional-as-keyword-only.py:40:52\n   |\n40 | 1.  Initial generation of 10 unique snippets based on the requested divergence areas.\n   |                                                    ^^\n   |\nERROR Could not find name `on` [unknown-name]\n  --> generated_examples/2026-01-08_16-42-53/source_files/protocol-callable-positional-as-keyword-only.py:40:52\n   |\n40 | 1.  Initial generation of 10 unique snippets based on the requested divergence areas.\n   |                                                    ^^\n   |\nERROR Parse error: Simple statements must be separated by newlines or semicolons [parse-error]\n  --> generated_examples/2026-01-08_16-42-53/source_files/protocol-callable-positional-as-keyword-only.py:40:55\n   |\n40 | 1.  Initial generation of 10 unique snippets based on the requested divergence areas.\n   |                                                       ^^^\n   |\nERROR Could not find name `the` [unknown-name]\n  --> generated_examples/2026-01-08_16-42-53/source_files/protocol-callable-positional-as-keyword-only.py:40:55\n   |\n40 | 1.  Initial generation of 10 unique snippets based on the requested divergence areas.\n   |                                                       ^^^\n   |\nERROR Parse error: Simple statements must be separated by newlines or semicolons [parse-error]\n  --> generated_examples/2026-01-08_16-42-53/source_files/protocol-callable-positional-as-keyword-only.py:40:59\n   |\n40 | 1.  Initial generation of 10 unique snippets based on the requested divergence areas.\n   |                                                           ^^^^^^^^^\n   |\nERROR Could not find name `requested` [unknown-name]\n  --> generated_examples/2026-01-08_16-42-53/source_files/protocol-callable-positional-as-keyword-only.py:40:59\n   |\n40 | 1.  Initial generation of 10 unique snippets based on the requested divergence areas.\n   |                                                           ^^^^^^^^^\n   |\nERROR Parse error: Simple statements must be separated by newlines or semicolons [parse-error]\n  --> generated_examples/2026-01-08_16-42-53/source_files/protocol-callable-positional-as-keyword-only.py:40:69\n   |\n40 | 1.  Initial generation of 10 unique snippets based on the requested divergence areas.\n   |                                                                     ^^^^^^^^^^\n   |\nERROR Could not find name `divergence` [unknown-name]\n  --> generated_examples/2026-01-08_16-42-53/source_files/protocol-callable-positional-as-keyword-only.py:40:69\n   |\n40 | 1.  Initial generation of 10 unique snippets based on the requested divergence areas.\n   |                                                                     ^^^^^^^^^^\n   |\nERROR Parse error: Simple statements must be separated by newlines or semicolons [parse-error]\n  --> generated_examples/2026-01-08_16-42-53/source_files/protocol-callable-positional-as-keyword-only.py:40:80\n   |\n40 | 1.  Initial generation of 10 unique snippets based on the requested divergence areas.\n   |                                                                                ^^^^^\n   |\nERROR Could not find name `areas` [unknown-name]\n  --> generated_examples/2026-01-08_16-42-53/source_files/protocol-callable-positional-as-keyword-only.py:40:80\n   |\n40 | 1.  Initial generation of 10 unique snippets based on the requested divergence areas.\n   |                                                                                ^^^^^\n   |\nERROR Parse error: Expected an identifier [parse-error]\n  --> generated_examples/2026-01-08_16-42-53/source_files/protocol-callable-positional-as-keyword-only.py:40:86\n   |\n40 | 1.  Initial generation of 10 unique snippets based on the requested divergence areas.\n   |                                                                                      ^\n41 | 2.  Execution of mypy, pyright, and pyre against each snippet to verify actual behavior, identify disagreements, and refine `EXPECTE...\n   |\nERROR Parse error: Simple statements must be separated by newlines or semicolons [parse-error]\n  --> generated_examples/2026-01-08_16-42-53/source_files/protocol-callable-positional-as-keyword-only.py:41:5\n   |\n41 | 2.  Execution of mypy, pyright, and pyre against each snippet to verify actual behavior, identify disagreements, and refine `EXPECTE...\n   |     ^^^^^^^^^\n   |\nERROR Could not find name `Execution` [unknown-name]\n  --> generated_examples/2026-01-08_16-42-53/source_files/protocol-callable-positional-as-keyword-only.py:41:5\n   |\n41 | 2.  Execution of mypy, pyright, and pyre against each snippet to verify actual behavior, identify disagreements, and refine `EXPECTE...\n   |     ^^^^^^^^^\n   |\n  Did you mean `Exception`?\nERROR Parse error: Simple statements must be separated by newlines or semicolons [parse-error]\n  --> generated_examples/2026-01-08_16-42-53/source_files/protocol-callable-positional-as-keyword-only.py:41:15\n   |\n41 | 2.  Execution of mypy, pyright, and pyre against each snippet to verify actual behavior, identify disagreements, and refine `EXPECTE...\n   |               ^^\n   |\nERROR Could not find name `of` [unknown-name]\n  --> generated_examples/2026-01-08_16-42-53/source_files/protocol-callable-positional-as-keyword-only.py:41:15\n   |\n41 | 2.  Execution of mypy, pyright, and pyre against each snippet to verify actual behavior, identify disagreements, and refine `EXPECTE...\n   |               ^^\n   |\nERROR Parse error: Simple statements must be separated by newlines or semicolons [parse-error]\n  --> generated_examples/2026-01-08_16-42-53/source_files/protocol-callable-positional-as-keyword-only.py:41:18\n   |\n41 | 2.  Execution of mypy, pyright, and pyre against each snippet to verify actual behavior, identify disagreements, and refine `EXPECTE...\n   |                  ^^^^\n   |\nERROR Could not find name `mypy` [unknown-name]\n  --> generated_examples/2026-01-08_16-42-53/source_files/protocol-callable-positional-as-keyword-only.py:41:18\n   |\n41 | 2.  Execution of mypy, pyright, and pyre against each snippet to verify actual behavior, identify disagreements, and refine `EXPECTE...\n   |                  ^^^^\n   |\nERROR Could not find name `pyright` [unknown-name]\n  --> generated_examples/2026-01-08_16-42-53/source_files/protocol-callable-positional-as-keyword-only.py:41:24\n   |\n41 | 2.  Execution of mypy, pyright, and pyre against each snippet to verify actual behavior, identify disagreements, and refine `EXPECTE...\n   |                        ^^^^^^^\n   |\n  Did you mean `copyright`?\nERROR Parse error: Expected `,`, found `and` [parse-error]\n  --> generated_examples/2026-01-08_16-42-53/source_files/protocol-callable-positional-as-keyword-only.py:41:33\n   |\n41 | 2.  Execution of mypy, pyright, and pyre against each snippet to verify actual behavior, identify disagreements, and refine `EXPECTE...\n   |                                 ^^^\n   |\nERROR Could not find name `pyre` [unknown-name]\n  --> generated_examples/2026-01-08_16-42-53/source_files/protocol-callable-positional-as-keyword-only.py:41:37\n   |\n41 | 2.  Execution of mypy, pyright, and pyre against each snippet to verify actual behavior, identify disagreements, and refine `EXPECTE...\n   |                                     ^^^^\n   |\nERROR Parse error: Expected `,`, found name [parse-error]\n  --> generated_examples/2026-01-08_16-42-53/source_files/protocol-callable-positional-as-keyword-only.py:41:42\n   |\n41 | 2.  Execution of mypy, pyright, and pyre against each snippet to verify actual behavior, identify disagreements, and refine `EXPECTE...\n   |                                          ^^^^^^^\n   |\nERROR Could not find name `against` [unknown-name]\n  --> generated_examples/2026-01-08_16-42-53/source_files/protocol-callable-positional-as-keyword-only.py:41:42\n   |\n41 | 2.  Execution of mypy, pyright, and pyre against each snippet to verify actual behavior, identify disagreements, and refine `EXPECTE...\n   |                                          ^^^^^^^\n   |\nERROR Parse error: Expected `,`, found name [parse-error]\n  --> generated_examples/2026-01-08_16-42-53/source_files/protocol-callable-positional-as-keyword-only.py:41:50\n   |\n41 | 2.  Execution of mypy, pyright, and pyre against each snippet to verify actual behavior, identify disagreements, and refine `EXPECTE...\n   |                                                  ^^^^\n   |\nERROR Could not find name `each` [unknown-name]\n  --> generated_examples/2026-01-08_16-42-53/source_files/protocol-callable-positional-as-keyword-only.py:41:50\n   |\n41 | 2.  Execution of mypy, pyright, and pyre against each snippet to verify actual behavior, identify disagreements, and refine `EXPECTE...\n   |                                                  ^^^^\n   |\nERROR Parse error: Expected `,`, found name [parse-error]\n  --> generated_examples/2026-01-08_16-42-53/source_files/protocol-callable-positional-as-keyword-only.py:41:55\n   |\n41 | 2.  Execution of mypy, pyright, and pyre against each snippet to verify actual behavior, identify disagreements, and refine `EXPECTE...\n   |                                                       ^^^^^^^\n   |\nERROR Could not find name `snippet` [unknown-name]\n  --> generated_examples/2026-01-08_16-42-53/source_files/protocol-callable-positional-as-keyword-only.py:41:55\n   |\n41 | 2.  Execution of mypy, pyright, and pyre against each snippet to verify actual behavior, identify disagreements, and refine `EXPECTE...\n   |                                                       ^^^^^^^\n   |\nERROR Parse error: Expected `,`, found name [parse-error]\n  --> generated_examples/2026-01-08_16-42-53/source_files/protocol-callable-positional-as-keyword-only.py:41:63\n   |\n41 | 2.  Execution of mypy, pyright, and pyre against each snippet to verify actual behavior, identify disagreements, and refine `EXPECTE...\n   |                                                               ^^\n   |\nERROR Could not find name `to` [unknown-name]\n  --> generated_examples/2026-01-08_16-42-53/source_files/protocol-callable-positional-as-keyword-only.py:41:63\n   |\n41 | 2.  Execution of mypy, pyright, and pyre against each snippet to verify actual behavior, identify disagreements, and refine `EXPECTE...\n   |                                                               ^^\n   |\nERROR Parse error: Expected `,`, found name [parse-error]\n  --> generated_examples/2026-01-08_16-42-53/source_files/protocol-callable-positional-as-keyword-only.py:41:66\n   |\n41 | 2.  Execution of mypy, pyright, and pyre against each snippet to verify actual behavior, identify disagreements, and refine `EXPECTE...\n   |                                                                  ^^^^^^\n   |\nERROR Could not find name `verify` [unknown-name]\n  --> generated_examples/2026-01-08_16-42-53/source_files/protocol-callable-positional-as-keyword-only.py:41:66\n   |\n41 | 2.  Execution of mypy, pyright, and pyre against each snippet to verify actual behavior, identify disagreements, and refine `EXPECTE...\n   |                                                                  ^^^^^^\n   |\nERROR Parse error: Expected `,`, found name [parse-error]\n  --> generated_examples/2026-01-08_16-42-53/source_files/protocol-callable-positional-as-keyword-only.py:41:73\n   |\n41 | 2.  Execution of mypy, pyright, and pyre against each snippet to verify actual behavior, identify disagreements, and refine `EXPECTE...\n   |                                                                         ^^^^^^\n   |\nERROR Could not find name `actual` [unknown-name]\n  --> generated_examples/2026-01-08_16-42-53/source_files/protocol-callable-positional-as-keyword-only.py:41:73\n   |\n41 | 2.  Execution of mypy, pyright, and pyre against each snippet to verify actual behavior, identify disagreements, and refine `EXPECTE...\n   |                                                                         ^^^^^^\n   |\nERROR Parse error: Expected `,`, found name [parse-error]\n  --> generated_examples/2026-01-08_16-42-53/source_files/protocol-callable-positional-as-keyword-only.py:41:80\n   |\n41 | 2.  Execution of mypy, pyright, and pyre against each snippet to verify actual behavior, identify disagreements, and refine `EXPECTE...\n   |                                                                                ^^^^^^^^\n   |\nERROR Could not find name `behavior` [unknown-name]\n  --> generated_examples/2026-01-08_16-42-53/source_files/protocol-callable-positional-as-keyword-only.py:41:80\n   |\n41 | 2.  Execution of mypy, pyright, and pyre against each snippet to verify actual behavior, identify disagreements, and refine `EXPECTE...\n   |                                                                                ^^^^^^^^\n   |\nERROR Could not find name `identify` [unknown-name]\n  --> generated_examples/2026-01-08_16-42-53/source_files/protocol-callable-positional-as-keyword-only.py:41:90\n   |\n41 | 2.  Execution of mypy, pyright, and pyre against each snippet to verify actual behavior, identify disagreements, and refine `EXPECTE...\n   |                                                                                          ^^^^^^^^\n   |\nERROR Parse error: Expected `,`, found name [parse-error]\n  --> generated_examples/2026-01-08_16-42-53/source_files/protocol-callable-positional-as-keyword-only.py:41:99\n   |\n41 | 2.  Execution of mypy, pyright, and pyre against each snippet to verify actual behavior, identify disagreements, and refine `EXPECTE...\n   |                                                                                                   ^^^^^^^^^^^^^\n   |\nERROR Could not find name `disagreements` [unknown-name]\n  --> generated_examples/2026-01-08_16-42-53/source_files/protocol-callable-positional-as-keyword-only.py:41:99\n   |\n41 | 2.  Execution of mypy, pyright, and pyre against each snippet to verify actual behavior, identify disagreements, and refine `EXPECTE...\n   |                                                                                                   ^^^^^^^^^^^^^\n   |\nERROR Parse error: Expected `,`, found `and` [parse-error]\n  --> generated_examples/2026-01-08_16-42-53/source_files/protocol-callable-positional-as-keyword-only.py:41:114\n   |\n41 | 2.  Execution of mypy, pyright, and pyre against each snippet to verify actual behavior, identify disagreements, and refine `EXPECTE...\n   |                                                                                                                  ^^^\n   |\nERROR Could not find name `refine` [unknown-name]\n  --> generated_examples/2026-01-08_16-42-53/source_files/protocol-callable-positional-as-keyword-only.py:41:118\n   |\n41 | 2.  Execution of mypy, pyright, and pyre against each snippet to verify actual behavior, identify disagreements, and refine `EXPECTE...\n   |                                                                                                                      ^^^^^^\n   |\nERROR Parse error: Got unexpected token ` [parse-error]\n  --> generated_examples/2026-01-08_16-42-53/source_files/protocol-callable-positional-as-keyword-only.py:41:125\n   |\n41 | 2.  Execution of mypy, pyright, and pyre against each snippet to verify actual behavior, identify disagreements, and refine `EXPECTE...\n   |                                                                                                                             ^\n   |\nERROR Could not find name `EXPECTED` [unknown-name]\n  --> generated_examples/2026-01-08_16-42-53/source_files/protocol-callable-positional-as-keyword-only.py:41:126\n   |\n41 | ...verify actual behavior, identify disagreements, and refine `EXPECTED` and `REASON` descriptions. (Zuban behavior was estimated ba...\n   |                                                                ^^^^^^^^\n   |\nERROR Parse error: Got unexpected token ` [parse-error]\n  --> generated_examples/2026-01-08_16-42-53/source_files/protocol-callable-positional-as-keyword-only.py:41:134\n   |\n41 | ...fy actual behavior, identify disagreements, and refine `EXPECTED` and `REASON` descriptions. (Zuban behavior was estimated based ...\n   |                                                                    ^\n   |\nERROR Parse error: Expected `,`, found `and` [parse-error]\n  --> generated_examples/2026-01-08_16-42-53/source_files/protocol-callable-positional-as-keyword-only.py:41:136\n   |\n41 | ...actual behavior, identify disagreements, and refine `EXPECTED` and `REASON` descriptions. (Zuban behavior was estimated based on ...\n   |                                                                   ^^^\n   |\nERROR Parse error: Got unexpected token ` [parse-error]\n  --> generated_examples/2026-01-08_16-42-53/source_files/protocol-callable-positional-as-keyword-only.py:41:140\n   |\n41 | ...ual behavior, identify disagreements, and refine `EXPECTED` and `REASON` descriptions. (Zuban behavior was estimated based on Pyre.)\n   |                                                                    ^\n   |\nERROR Could not find name `REASON` [unknown-name]\n  --> generated_examples/2026-01-08_16-42-53/source_files/protocol-callable-positional-as-keyword-only.py:41:141\n   |\n41 | ...behavior, identify disagreements, and refine `EXPECTED` and `REASON` descriptions. (Zuban behavior was estimated based on Pyre.)\n   |                                                                 ^^^^^^\n   |\nERROR Parse error: Got unexpected token ` [parse-error]\n  --> generated_examples/2026-01-08_16-42-53/source_files/protocol-callable-positional-as-keyword-only.py:41:147\n   |\n41 | ...avior, identify disagreements, and refine `EXPECTED` and `REASON` descriptions. (Zuban behavior was estimated based on Pyre.)\n   |                                                                    ^\n   |\nERROR Could not find name `descriptions` [unknown-name]\n  --> generated_examples/2026-01-08_16-42-53/source_files/protocol-callable-positional-as-keyword-only.py:41:149\n   |\n41 | ...dentify disagreements, and refine `EXPECTED` and `REASON` descriptions. (Zuban behavior was estimated based on Pyre.)\n   |                                                              ^^^^^^^^^^^^\n   |\nERROR Parse error: Expected an identifier [parse-error]\n  --> generated_examples/2026-01-08_16-42-53/source_files/protocol-callable-positional-as-keyword-only.py:41:163\n   |\n41 | ...disagreements, and refine `EXPECTED` and `REASON` descriptions. (Zuban behavior was estimated based on Pyre.)\n   |                                                                    ^\n   |\nERROR Could not find name `Zuban` [unknown-name]\n  --> generated_examples/2026-01-08_16-42-53/source_files/protocol-callable-positional-as-keyword-only.py:41:164\n   |\n41 | ...agreements, and refine `EXPECTED` and `REASON` descriptions. (Zuban behavior was estimated based on Pyre.)\n   |                                                                  ^^^^^\n   |\nERROR Parse error: Expected `,`, found name [parse-error]\n  --> generated_examples/2026-01-08_16-42-53/source_files/protocol-callable-positional-as-keyword-only.py:41:170\n   |\n41 | ...ts, and refine `EXPECTED` and `REASON` descriptions. (Zuban behavior was estimated based on Pyre.)\n   |                                                                ^^^^^^^^\n   |\nERROR Could not find name `behavior` [unknown-name]\n  --> generated_examples/2026-01-08_16-42-53/source_files/protocol-callable-positional-as-keyword-only.py:41:170\n   |\n41 | ...ts, and refine `EXPECTED` and `REASON` descriptions. (Zuban behavior was estimated based on Pyre.)\n   |                                                                ^^^^^^^^\n   |\nERROR Parse error: Expected `,`, found name [parse-error]\n  --> generated_examples/2026-01-08_16-42-53/source_files/protocol-callable-positional-as-keyword-only.py:41:179\n   |\n41 | ...d refine `EXPECTED` and `REASON` descriptions. (Zuban behavior was estimated based on Pyre.)\n   |                                                                   ^^^\n   |\nERROR Could not find name `was` [unknown-name]\n  --> generated_examples/2026-01-08_16-42-53/source_files/protocol-callable-positional-as-keyword-only.py:41:179\n   |\n41 | ...d refine `EXPECTED` and `REASON` descriptions. (Zuban behavior was estimated based on Pyre.)\n   |                                                                   ^^^\n   |\nERROR Parse error: Expected `,`, found name [parse-error]\n  --> generated_examples/2026-01-08_16-42-53/source_files/protocol-callable-positional-as-keyword-only.py:41:183\n   |\n41 | ...e `EXPECTED` and `REASON` descriptions. (Zuban behavior was estimated based on Pyre.)\n   |                                                                ^^^^^^^^^\n   |\nERROR Could not find name `estimated` [unknown-name]\n  --> generated_examples/2026-01-08_16-42-53/source_files/protocol-callable-positional-as-keyword-only.py:41:183\n   |\n41 | ...e `EXPECTED` and `REASON` descriptions. (Zuban behavior was estimated based on Pyre.)\n   |                                                                ^^^^^^^^^\n   |\nERROR Parse error: Expected `,`, found name [parse-error]\n  --> generated_examples/2026-01-08_16-42-53/source_files/protocol-callable-positional-as-keyword-only.py:41:193\n   |\n41 | ...TED` and `REASON` descriptions. (Zuban behavior was estimated based on Pyre.)\n   |                                                                  ^^^^^\n   |\nERROR Could not find name `based` [unknown-name]\n  --> generated_examples/2026-01-08_16-42-53/source_files/protocol-callable-positional-as-keyword-only.py:41:193\n   |\n41 | ...TED` and `REASON` descriptions. (Zuban behavior was estimated based on Pyre.)\n   |                                                                  ^^^^^\n   |\nERROR Parse error: Expected `,`, found name [parse-error]\n  --> generated_examples/2026-01-08_16-42-53/source_files/protocol-callable-positional-as-keyword-only.py:41:199\n   |\n41 | ...and `REASON` descriptions. (Zuban behavior was estimated based on Pyre.)\n   |                                                                   ^^\n   |\nERROR Could not find name `on` [unknown-name]\n  --> generated_examples/2026-01-08_16-42-53/source_files/protocol-callable-positional-as-keyword-only.py:41:199\n   |\n41 | ...and `REASON` descriptions. (Zuban behavior was estimated based on Pyre.)\n   |                                                                   ^^\n   |\nERROR Parse error: Expected `,`, found name [parse-error]\n  --> generated_examples/2026-01-08_16-42-53/source_files/protocol-callable-positional-as-keyword-only.py:41:202\n   |\n41 | ...`REASON` descriptions. (Zuban behavior was estimated based on Pyre.)\n   |                                                                  ^^^^\n   |\nERROR Could not find name `Pyre` [unknown-name]\n  --> generated_examples/2026-01-08_16-42-53/source_files/protocol-callable-positional-as-keyword-only.py:41:202\n   |\n41 | ...`REASON` descriptions. (Zuban behavior was estimated based on Pyre.)\n   |                                                                  ^^^^\n   |\nERROR Parse error: Expected an identifier [parse-error]\n  --> generated_examples/2026-01-08_16-42-53/source_files/protocol-callable-positional-as-keyword-only.py:41:207\n   |\n41 | ...ASON` descriptions. (Zuban behavior was estimated based on Pyre.)\n   |                                                                    ^\n   |\n\n[STDERR]\n INFO 92 errors",
                "zuban": "generated_examples/2026-01-08_16-42-53/source_files/protocol-callable-positional-as-keyword-only.py:39: error: Invalid syntax  [syntax]\ngenerated_examples/2026-01-08_16-42-53/source_files/protocol-callable-positional-as-keyword-only.py:40: error: Invalid syntax  [syntax]\ngenerated_examples/2026-01-08_16-42-53/source_files/protocol-callable-positional-as-keyword-only.py:41: error: Invalid syntax  [syntax]\nFound 3 errors in 1 file (checked 1 source file)",
                "ty": "error[unresolved-reference]: Name `I` used when not defined\n  --> generated_examples/2026-01-08_16-42-53/source_files/protocol-callable-positional-as-keyword-only.py:39:1\n   |\n39 | I performed **2 rounds** of development to generate and validate these examples:\n   | ^\n40 | 1.  Initial generation of 10 unique snippets based on the requested divergence areas.\n41 | 2.  Execution of mypy, pyright, and pyre against each snippet to verify actual behavior, identify disagreements, and refine `EXPECTED`\u2026\n   |\ninfo: rule `unresolved-reference` is enabled by default\n\nerror[invalid-syntax]: Simple statements must be separated by newlines or semicolons\n  --> generated_examples/2026-01-08_16-42-53/source_files/protocol-callable-positional-as-keyword-only.py:39:3\n   |\n39 | I performed **2 rounds** of development to generate and validate these examples:\n   |   ^^^^^^^^^\n40 | 1.  Initial generation of 10 unique snippets based on the requested divergence areas.\n41 | 2.  Execution of mypy, pyright, and pyre against each snippet to verify actual behavior, identify disagreements, and refine `EXPECTED`\u2026\n   |\n\nerror[unresolved-reference]: Name `performed` used when not defined\n  --> generated_examples/2026-01-08_16-42-53/source_files/protocol-callable-positional-as-keyword-only.py:39:3\n   |\n39 | I performed **2 rounds** of development to generate and validate these examples:\n   |   ^^^^^^^^^\n40 | 1.  Initial generation of 10 unique snippets based on the requested divergence areas.\n41 | 2.  Execution of mypy, pyright, and pyre against each snippet to verify actual behavior, identify disagreements, and refine `EXPECTED`\u2026\n   |\ninfo: rule `unresolved-reference` is enabled by default\n\nerror[invalid-syntax]: Simple statements must be separated by newlines or semicolons\n  --> generated_examples/2026-01-08_16-42-53/source_files/protocol-callable-positional-as-keyword-only.py:39:17\n   |\n39 | I performed **2 rounds** of development to generate and validate these examples:\n   |                 ^^^^^^\n40 | 1.  Initial generation of 10 unique snippets based on the requested divergence areas.\n41 | 2.  Execution of mypy, pyright, and pyre against each snippet to verify actual behavior, identify disagreements, and refine `EXPECTED`\u2026\n   |\n\nerror[unresolved-reference]: Name `rounds` used when not defined\n  --> generated_examples/2026-01-08_16-42-53/source_files/protocol-callable-positional-as-keyword-only.py:39:17\n   |\n39 | I performed **2 rounds** of development to generate and validate these examples:\n   |                 ^^^^^^\n40 | 1.  Initial generation of 10 unique snippets based on the requested divergence areas.\n41 | 2.  Execution of mypy, pyright, and pyre against each snippet to verify actual behavior, identify disagreements, and refine `EXPECTED`\u2026\n   |\ninfo: rule `unresolved-reference` is enabled by default\n\nerror[unresolved-reference]: Name `of` used when not defined\n  --> generated_examples/2026-01-08_16-42-53/source_files/protocol-callable-positional-as-keyword-only.py:39:26\n   |\n39 | I performed **2 rounds** of development to generate and validate these examples:\n   |                          ^^\n40 | 1.  Initial generation of 10 unique snippets based on the requested divergence areas.\n41 | 2.  Execution of mypy, pyright, and pyre against each snippet to verify actual behavior, identify disagreements, and refine `EXPECTED`\u2026\n   |\ninfo: rule `unresolved-reference` is enabled by default\n\nerror[invalid-syntax]: Simple statements must be separated by newlines or semicolons\n  --> generated_examples/2026-01-08_16-42-53/source_files/protocol-callable-positional-as-keyword-only.py:39:29\n   |\n39 | I performed **2 rounds** of development to generate and validate these examples:\n   |                             ^^^^^^^^^^^\n40 | 1.  Initial generation of 10 unique snippets based on the requested divergence areas.\n41 | 2.  Execution of mypy, pyright, and pyre against each snippet to verify actual behavior, identify disagreements, and refine `EXPECTED`\u2026\n   |\n\nerror[unresolved-reference]: Name `development` used when not defined\n  --> generated_examples/2026-01-08_16-42-53/source_files/protocol-callable-positional-as-keyword-only.py:39:29\n   |\n39 | I performed **2 rounds** of development to generate and validate these examples:\n   |                             ^^^^^^^^^^^\n40 | 1.  Initial generation of 10 unique snippets based on the requested divergence areas.\n41 | 2.  Execution of mypy, pyright, and pyre against each snippet to verify actual behavior, identify disagreements, and refine `EXPECTED`\u2026\n   |\ninfo: rule `unresolved-reference` is enabled by default\n\nerror[invalid-syntax]: Simple statements must be separated by newlines or semicolons\n  --> generated_examples/2026-01-08_16-42-53/source_files/protocol-callable-positional-as-keyword-only.py:39:41\n   |\n39 | I performed **2 rounds** of development to generate and validate these examples:\n   |                                         ^^\n40 | 1.  Initial generation of 10 unique snippets based on the requested divergence areas.\n41 | 2.  Execution of mypy, pyright, and pyre against each snippet to verify actual behavior, identify disagreements, and refine `EXPECTED`\u2026\n   |\n\nerror[unresolved-reference]: Name `to` used when not defined\n  --> generated_examples/2026-01-08_16-42-53/source_files/protocol-callable-positional-as-keyword-only.py:39:41\n   |\n39 | I performed **2 rounds** of development to generate and validate these examples:\n   |                                         ^^\n40 | 1.  Initial generation of 10 unique snippets based on the requested divergence areas.\n41 | 2.  Execution of mypy, pyright, and pyre against each snippet to verify actual behavior, identify disagreements, and refine `EXPECTED`\u2026\n   |\ninfo: rule `unresolved-reference` is enabled by default\n\nerror[invalid-syntax]: Simple statements must be separated by newlines or semicolons\n  --> generated_examples/2026-01-08_16-42-53/source_files/protocol-callable-positional-as-keyword-only.py:39:44\n   |\n39 | I performed **2 rounds** of development to generate and validate these examples:\n   |                                            ^^^^^^^^\n40 | 1.  Initial generation of 10 unique snippets based on the requested divergence areas.\n41 | 2.  Execution of mypy, pyright, and pyre against each snippet to verify actual behavior, identify disagreements, and refine `EXPECTED`\u2026\n   |\n\nerror[unresolved-reference]: Name `generate` used when not defined\n  --> generated_examples/2026-01-08_16-42-53/source_files/protocol-callable-positional-as-keyword-only.py:39:44\n   |\n39 | I performed **2 rounds** of development to generate and validate these examples:\n   |                                            ^^^^^^^^\n40 | 1.  Initial generation of 10 unique snippets based on the requested divergence areas.\n41 | 2.  Execution of mypy, pyright, and pyre against each snippet to verify actual behavior, identify disagreements, and refine `EXPECTED`\u2026\n   |\ninfo: rule `unresolved-reference` is enabled by default\n\nerror[unresolved-reference]: Name `validate` used when not defined\n  --> generated_examples/2026-01-08_16-42-53/source_files/protocol-callable-positional-as-keyword-only.py:39:57\n   |\n39 | I performed **2 rounds** of development to generate and validate these examples:\n   |                                                         ^^^^^^^^\n40 | 1.  Initial generation of 10 unique snippets based on the requested divergence areas.\n41 | 2.  Execution of mypy, pyright, and pyre against each snippet to verify actual behavior, identify disagreements, and refine `EXPECTED`\u2026\n   |\ninfo: rule `unresolved-reference` is enabled by default\n\nerror[invalid-syntax]: Simple statements must be separated by newlines or semicolons\n  --> generated_examples/2026-01-08_16-42-53/source_files/protocol-callable-positional-as-keyword-only.py:39:66\n   |\n39 | I performed **2 rounds** of development to generate and validate these examples:\n   |                                                                  ^^^^^\n40 | 1.  Initial generation of 10 unique snippets based on the requested divergence areas.\n41 | 2.  Execution of mypy, pyright, and pyre against each snippet to verify actual behavior, identify disagreements, and refine `EXPECTED`\u2026\n   |\n\nerror[unresolved-reference]: Name `these` used when not defined\n  --> generated_examples/2026-01-08_16-42-53/source_files/protocol-callable-positional-as-keyword-only.py:39:66\n   |\n39 | I performed **2 rounds** of development to generate and validate these examples:\n   |                                                                  ^^^^^\n40 | 1.  Initial generation of 10 unique snippets based on the requested divergence areas.\n41 | 2.  Execution of mypy, pyright, and pyre against each snippet to verify actual behavior, identify disagreements, and refine `EXPECTED`\u2026\n   |\ninfo: rule `unresolved-reference` is enabled by default\n\nerror[invalid-syntax]: Simple statements must be separated by newlines or semicolons\n  --> generated_examples/2026-01-08_16-42-53/source_files/protocol-callable-positional-as-keyword-only.py:39:72\n   |\n39 | I performed **2 rounds** of development to generate and validate these examples:\n   |                                                                        ^^^^^^^^\n40 | 1.  Initial generation of 10 unique snippets based on the requested divergence areas.\n41 | 2.  Execution of mypy, pyright, and pyre against each snippet to verify actual behavior, identify disagreements, and refine `EXPECTED`\u2026\n   |\n\nerror[invalid-syntax]: Expected an expression\n  --> generated_examples/2026-01-08_16-42-53/source_files/protocol-callable-positional-as-keyword-only.py:39:81\n   |\n39 | I performed **2 rounds** of development to generate and validate these examples:\n   |                                                                                 ^\n40 | 1.  Initial generation of 10 unique snippets based on the requested divergence areas.\n41 | 2.  Execution of mypy, pyright, and pyre against each snippet to verify actual behavior, identify disagreements, and refine `EXPECTED`\u2026\n   |\n\nerror[invalid-syntax]: Simple statements must be separated by newlines or semicolons\n  --> generated_examples/2026-01-08_16-42-53/source_files/protocol-callable-positional-as-keyword-only.py:40:5\n   |\n39 | I performed **2 rounds** of development to generate and validate these examples:\n40 | 1.  Initial generation of 10 unique snippets based on the requested divergence areas.\n   |     ^^^^^^^\n41 | 2.  Execution of mypy, pyright, and pyre against each snippet to verify actual behavior, identify disagreements, and refine `EXPECTED`\u2026\n   |\n\nerror[unresolved-reference]: Name `Initial` used when not defined\n  --> generated_examples/2026-01-08_16-42-53/source_files/protocol-callable-positional-as-keyword-only.py:40:5\n   |\n39 | I performed **2 rounds** of development to generate and validate these examples:\n40 | 1.  Initial generation of 10 unique snippets based on the requested divergence areas.\n   |     ^^^^^^^\n41 | 2.  Execution of mypy, pyright, and pyre against each snippet to verify actual behavior, identify disagreements, and refine `EXPECTED`\u2026\n   |\ninfo: rule `unresolved-reference` is enabled by default\n\nerror[invalid-syntax]: Simple statements must be separated by newlines or semicolons\n  --> generated_examples/2026-01-08_16-42-53/source_files/protocol-callable-positional-as-keyword-only.py:40:13\n   |\n39 | I performed **2 rounds** of development to generate and validate these examples:\n40 | 1.  Initial generation of 10 unique snippets based on the requested divergence areas.\n   |             ^^^^^^^^^^\n41 | 2.  Execution of mypy, pyright, and pyre against each snippet to verify actual behavior, identify disagreements, and refine `EXPECTED`\u2026\n   |\n\nerror[unresolved-reference]: Name `generation` used when not defined\n  --> generated_examples/2026-01-08_16-42-53/source_files/protocol-callable-positional-as-keyword-only.py:40:13\n   |\n39 | I performed **2 rounds** of development to generate and validate these examples:\n40 | 1.  Initial generation of 10 unique snippets based on the requested divergence areas.\n   |             ^^^^^^^^^^\n41 | 2.  Execution of mypy, pyright, and pyre against each snippet to verify actual behavior, identify disagreements, and refine `EXPECTED`\u2026\n   |\ninfo: rule `unresolved-reference` is enabled by default\n\nerror[invalid-syntax]: Simple statements must be separated by newlines or semicolons\n  --> generated_examples/2026-01-08_16-42-53/source_files/protocol-callable-positional-as-keyword-only.py:40:24\n   |\n39 | I performed **2 rounds** of development to generate and validate these examples:\n40 | 1.  Initial generation of 10 unique snippets based on the requested divergence areas.\n   |                        ^^\n41 | 2.  Execution of mypy, pyright, and pyre against each snippet to verify actual behavior, identify disagreements, and refine `EXPECTED`\u2026\n   |\n\nerror[unresolved-reference]: Name `of` used when not defined\n  --> generated_examples/2026-01-08_16-42-53/source_files/protocol-callable-positional-as-keyword-only.py:40:24\n   |\n39 | I performed **2 rounds** of development to generate and validate these examples:\n40 | 1.  Initial generation of 10 unique snippets based on the requested divergence areas.\n   |                        ^^\n41 | 2.  Execution of mypy, pyright, and pyre against each snippet to verify actual behavior, identify disagreements, and refine `EXPECTED`\u2026\n   |\ninfo: rule `unresolved-reference` is enabled by default\n\nerror[invalid-syntax]: Simple statements must be separated by newlines or semicolons\n  --> generated_examples/2026-01-08_16-42-53/source_files/protocol-callable-positional-as-keyword-only.py:40:27\n   |\n39 | I performed **2 rounds** of development to generate and validate these examples:\n40 | 1.  Initial generation of 10 unique snippets based on the requested divergence areas.\n   |                           ^^\n41 | 2.  Execution of mypy, pyright, and pyre against each snippet to verify actual behavior, identify disagreements, and refine `EXPECTED`\u2026\n   |\n\nerror[invalid-syntax]: Simple statements must be separated by newlines or semicolons\n  --> generated_examples/2026-01-08_16-42-53/source_files/protocol-callable-positional-as-keyword-only.py:40:30\n   |\n39 | I performed **2 rounds** of development to generate and validate these examples:\n40 | 1.  Initial generation of 10 unique snippets based on the requested divergence areas.\n   |                              ^^^^^^\n41 | 2.  Execution of mypy, pyright, and pyre against each snippet to verify actual behavior, identify disagreements, and refine `EXPECTED`\u2026\n   |\n\nerror[unresolved-reference]: Name `unique` used when not defined\n  --> generated_examples/2026-01-08_16-42-53/source_files/protocol-callable-positional-as-keyword-only.py:40:30\n   |\n39 | I performed **2 rounds** of development to generate and validate these examples:\n40 | 1.  Initial generation of 10 unique snippets based on the requested divergence areas.\n   |                              ^^^^^^\n41 | 2.  Execution of mypy, pyright, and pyre against each snippet to verify actual behavior, identify disagreements, and refine `EXPECTED`\u2026\n   |\ninfo: rule `unresolved-reference` is enabled by default\n\nerror[invalid-syntax]: Simple statements must be separated by newlines or semicolons\n  --> generated_examples/2026-01-08_16-42-53/source_files/protocol-callable-positional-as-keyword-only.py:40:37\n   |\n39 | I performed **2 rounds** of development to generate and validate these examples:\n40 | 1.  Initial generation of 10 unique snippets based on the requested divergence areas.\n   |                                     ^^^^^^^^\n41 | 2.  Execution of mypy, pyright, and pyre against each snippet to verify actual behavior, identify disagreements, and refine `EXPECTED`\u2026\n   |\n\nerror[unresolved-reference]: Name `snippets` used when not defined\n  --> generated_examples/2026-01-08_16-42-53/source_files/protocol-callable-positional-as-keyword-only.py:40:37\n   |\n39 | I performed **2 rounds** of development to generate and validate these examples:\n40 | 1.  Initial generation of 10 unique snippets based on the requested divergence areas.\n   |                                     ^^^^^^^^\n41 | 2.  Execution of mypy, pyright, and pyre against each snippet to verify actual behavior, identify disagreements, and refine `EXPECTED`\u2026\n   |\ninfo: rule `unresolved-reference` is enabled by default\n\nerror[invalid-syntax]: Simple statements must be separated by newlines or semicolons\n  --> generated_examples/2026-01-08_16-42-53/source_files/protocol-callable-positional-as-keyword-only.py:40:46\n   |\n39 | I performed **2 rounds** of development to generate and validate these examples:\n40 | 1.  Initial generation of 10 unique snippets based on the requested divergence areas.\n   |                                              ^^^^^\n41 | 2.  Execution of mypy, pyright, and pyre against each snippet to verify actual behavior, identify disagreements, and refine `EXPECTED`\u2026\n   |\n\nerror[unresolved-reference]: Name `based` used when not defined\n  --> generated_examples/2026-01-08_16-42-53/source_files/protocol-callable-positional-as-keyword-only.py:40:46\n   |\n39 | I performed **2 rounds** of development to generate and validate these examples:\n40 | 1.  Initial generation of 10 unique snippets based on the requested divergence areas.\n   |                                              ^^^^^\n41 | 2.  Execution of mypy, pyright, and pyre against each snippet to verify actual behavior, identify disagreements, and refine `EXPECTED`\u2026\n   |\ninfo: rule `unresolved-reference` is enabled by default\n\nerror[invalid-syntax]: Simple statements must be separated by newlines or semicolons\n  --> generated_examples/2026-01-08_16-42-53/source_files/protocol-callable-positional-as-keyword-only.py:40:52\n   |\n39 | I performed **2 rounds** of development to generate and validate these examples:\n40 | 1.  Initial generation of 10 unique snippets based on the requested divergence areas.\n   |                                                    ^^\n41 | 2.  Execution of mypy, pyright, and pyre against each snippet to verify actual behavior, identify disagreements, and refine `EXPECTED`\u2026\n   |\n\nerror[unresolved-reference]: Name `on` used when not defined\n  --> generated_examples/2026-01-08_16-42-53/source_files/protocol-callable-positional-as-keyword-only.py:40:52\n   |\n39 | I performed **2 rounds** of development to generate and validate these examples:\n40 | 1.  Initial generation of 10 unique snippets based on the requested divergence areas.\n   |                                                    ^^\n41 | 2.  Execution of mypy, pyright, and pyre against each snippet to verify actual behavior, identify disagreements, and refine `EXPECTED`\u2026\n   |\ninfo: rule `unresolved-reference` is enabled by default\n\nerror[invalid-syntax]: Simple statements must be separated by newlines or semicolons\n  --> generated_examples/2026-01-08_16-42-53/source_files/protocol-callable-positional-as-keyword-only.py:40:55\n   |\n39 | I performed **2 rounds** of development to generate and validate these examples:\n40 | 1.  Initial generation of 10 unique snippets based on the requested divergence areas.\n   |                                                       ^^^\n41 | 2.  Execution of mypy, pyright, and pyre against each snippet to verify actual behavior, identify disagreements, and refine `EXPECTED`\u2026\n   |\n\nerror[unresolved-reference]: Name `the` used when not defined\n  --> generated_examples/2026-01-08_16-42-53/source_files/protocol-callable-positional-as-keyword-only.py:40:55\n   |\n39 | I performed **2 rounds** of development to generate and validate these examples:\n40 | 1.  Initial generation of 10 unique snippets based on the requested divergence areas.\n   |                                                       ^^^\n41 | 2.  Execution of mypy, pyright, and pyre against each snippet to verify actual behavior, identify disagreements, and refine `EXPECTED`\u2026\n   |\ninfo: rule `unresolved-reference` is enabled by default\n\nerror[invalid-syntax]: Simple statements must be separated by newlines or semicolons\n  --> generated_examples/2026-01-08_16-42-53/source_files/protocol-callable-positional-as-keyword-only.py:40:59\n   |\n39 | I performed **2 rounds** of development to generate and validate these examples:\n40 | 1.  Initial generation of 10 unique snippets based on the requested divergence areas.\n   |                                                           ^^^^^^^^^\n41 | 2.  Execution of mypy, pyright, and pyre against each snippet to verify actual behavior, identify disagreements, and refine `EXPECTED`\u2026\n   |\n\nerror[unresolved-reference]: Name `requested` used when not defined\n  --> generated_examples/2026-01-08_16-42-53/source_files/protocol-callable-positional-as-keyword-only.py:40:59\n   |\n39 | I performed **2 rounds** of development to generate and validate these examples:\n40 | 1.  Initial generation of 10 unique snippets based on the requested divergence areas.\n   |                                                           ^^^^^^^^^\n41 | 2.  Execution of mypy, pyright, and pyre against each snippet to verify actual behavior, identify disagreements, and refine `EXPECTED`\u2026\n   |\ninfo: rule `unresolved-reference` is enabled by default\n\nerror[invalid-syntax]: Simple statements must be separated by newlines or semicolons\n  --> generated_examples/2026-01-08_16-42-53/source_files/protocol-callable-positional-as-keyword-only.py:40:69\n   |\n39 | I performed **2 rounds** of development to generate and validate these examples:\n40 | 1.  Initial generation of 10 unique snippets based on the requested divergence areas.\n   |                                                                     ^^^^^^^^^^\n41 | 2.  Execution of mypy, pyright, and pyre against each snippet to verify actual behavior, identify disagreements, and refine `EXPECTED`\u2026\n   |\n\nerror[unresolved-reference]: Name `divergence` used when not defined\n  --> generated_examples/2026-01-08_16-42-53/source_files/protocol-callable-positional-as-keyword-only.py:40:69\n   |\n39 | I performed **2 rounds** of development to generate and validate these examples:\n40 | 1.  Initial generation of 10 unique snippets based on the requested divergence areas.\n   |                                                                     ^^^^^^^^^^\n41 | 2.  Execution of mypy, pyright, and pyre against each snippet to verify actual behavior, identify disagreements, and refine `EXPECTED`\u2026\n   |\ninfo: rule `unresolved-reference` is enabled by default\n\nerror[invalid-syntax]: Simple statements must be separated by newlines or semicolons\n  --> generated_examples/2026-01-08_16-42-53/source_files/protocol-callable-positional-as-keyword-only.py:40:80\n   |\n39 | I performed **2 rounds** of development to generate and validate these examples:\n40 | 1.  Initial generation of 10 unique snippets based on the requested divergence areas.\n   |                                                                                ^^^^^\n41 | 2.  Execution of mypy, pyright, and pyre against each snippet to verify actual behavior, identify disagreements, and refine `EXPECTED`\u2026\n   |\n\nerror[unresolved-reference]: Name `areas` used when not defined\n  --> generated_examples/2026-01-08_16-42-53/source_files/protocol-callable-positional-as-keyword-only.py:40:80\n   |\n39 | I performed **2 rounds** of development to generate and validate these examples:\n40 | 1.  Initial generation of 10 unique snippets based on the requested divergence areas.\n   |                                                                                ^^^^^\n41 | 2.  Execution of mypy, pyright, and pyre against each snippet to verify actual behavior, identify disagreements, and refine `EXPECTED`\u2026\n   |\ninfo: rule `unresolved-reference` is enabled by default\n\nerror[invalid-syntax]: Expected an identifier\n  --> generated_examples/2026-01-08_16-42-53/source_files/protocol-callable-positional-as-keyword-only.py:40:86\n   |\n39 | I performed **2 rounds** of development to generate and validate these examples:\n40 | 1.  Initial generation of 10 unique snippets based on the requested divergence areas.\n   |                                                                                      ^\n41 | 2.  Execution of mypy, pyright, and pyre against each snippet to verify actual behavior, identify disagreements, and refine `EXPECTED`\u2026\n   |\n\nerror[invalid-syntax]: Simple statements must be separated by newlines or semicolons\n  --> generated_examples/2026-01-08_16-42-53/source_files/protocol-callable-positional-as-keyword-only.py:41:5\n   |\n39 | I performed **2 rounds** of development to generate and validate these examples:\n40 | 1.  Initial generation of 10 unique snippets based on the requested divergence areas.\n41 | 2.  Execution of mypy, pyright, and pyre against each snippet to verify actual behavior, identify disagreements, and refine `EXPECTED`\u2026\n   |     ^^^^^^^^^\n   |\n\nerror[unresolved-reference]: Name `Execution` used when not defined\n  --> generated_examples/2026-01-08_16-42-53/source_files/protocol-callable-positional-as-keyword-only.py:41:5\n   |\n39 | I performed **2 rounds** of development to generate and validate these examples:\n40 | 1.  Initial generation of 10 unique snippets based on the requested divergence areas.\n41 | 2.  Execution of mypy, pyright, and pyre against each snippet to verify actual behavior, identify disagreements, and refine `EXPECTED`\u2026\n   |     ^^^^^^^^^\n   |\ninfo: rule `unresolved-reference` is enabled by default\n\nerror[invalid-syntax]: Simple statements must be separated by newlines or semicolons\n  --> generated_examples/2026-01-08_16-42-53/source_files/protocol-callable-positional-as-keyword-only.py:41:15\n   |\n39 | I performed **2 rounds** of development to generate and validate these examples:\n40 | 1.  Initial generation of 10 unique snippets based on the requested divergence areas.\n41 | 2.  Execution of mypy, pyright, and pyre against each snippet to verify actual behavior, identify disagreements, and refine `EXPECTED`\u2026\n   |               ^^\n   |\n\nerror[unresolved-reference]: Name `of` used when not defined\n  --> generated_examples/2026-01-08_16-42-53/source_files/protocol-callable-positional-as-keyword-only.py:41:15\n   |\n39 | I performed **2 rounds** of development to generate and validate these examples:\n40 | 1.  Initial generation of 10 unique snippets based on the requested divergence areas.\n41 | 2.  Execution of mypy, pyright, and pyre against each snippet to verify actual behavior, identify disagreements, and refine `EXPECTED`\u2026\n   |               ^^\n   |\ninfo: rule `unresolved-reference` is enabled by default\n\nerror[invalid-syntax]: Simple statements must be separated by newlines or semicolons\n  --> generated_examples/2026-01-08_16-42-53/source_files/protocol-callable-positional-as-keyword-only.py:41:18\n   |\n39 | I performed **2 rounds** of development to generate and validate these examples:\n40 | 1.  Initial generation of 10 unique snippets based on the requested divergence areas.\n41 | 2.  Execution of mypy, pyright, and pyre against each snippet to verify actual behavior, identify disagreements, and refine `EXPECTED`\u2026\n   |                  ^^^^\n   |\n\nerror[unresolved-reference]: Name `mypy` used when not defined\n  --> generated_examples/2026-01-08_16-42-53/source_files/protocol-callable-positional-as-keyword-only.py:41:18\n   |\n39 | I performed **2 rounds** of development to generate and validate these examples:\n40 | 1.  Initial generation of 10 unique snippets based on the requested divergence areas.\n41 | 2.  Execution of mypy, pyright, and pyre against each snippet to verify actual behavior, identify disagreements, and refine `EXPECTED`\u2026\n   |                  ^^^^\n   |\ninfo: rule `unresolved-reference` is enabled by default\n\nerror[unresolved-reference]: Name `pyright` used when not defined\n  --> generated_examples/2026-01-08_16-42-53/source_files/protocol-callable-positional-as-keyword-only.py:41:24\n   |\n39 | I performed **2 rounds** of development to generate and validate these examples:\n40 | 1.  Initial generation of 10 unique snippets based on the requested divergence areas.\n41 | 2.  Execution of mypy, pyright, and pyre against each snippet to verify actual behavior, identify disagreements, and refine `EXPECTED`\u2026\n   |                        ^^^^^^^\n   |\ninfo: rule `unresolved-reference` is enabled by default\n\nerror[invalid-syntax]: Expected `,`, found `and`\n  --> generated_examples/2026-01-08_16-42-53/source_files/protocol-callable-positional-as-keyword-only.py:41:33\n   |\n39 | I performed **2 rounds** of development to generate and validate these examples:\n40 | 1.  Initial generation of 10 unique snippets based on the requested divergence areas.\n41 | 2.  Execution of mypy, pyright, and pyre against each snippet to verify actual behavior, identify disagreements, and refine `EXPECTED`\u2026\n   |                                 ^^^\n   |\n\nerror[unresolved-reference]: Name `pyre` used when not defined\n  --> generated_examples/2026-01-08_16-42-53/source_files/protocol-callable-positional-as-keyword-only.py:41:37\n   |\n39 | I performed **2 rounds** of development to generate and validate these examples:\n40 | 1.  Initial generation of 10 unique snippets based on the requested divergence areas.\n41 | 2.  Execution of mypy, pyright, and pyre against each snippet to verify actual behavior, identify disagreements, and refine `EXPECTED`\u2026\n   |                                     ^^^^\n   |\ninfo: rule `unresolved-reference` is enabled by default\n\nerror[invalid-syntax]: Expected `,`, found name\n  --> generated_examples/2026-01-08_16-42-53/source_files/protocol-callable-positional-as-keyword-only.py:41:42\n   |\n39 | I performed **2 rounds** of development to generate and validate these examples:\n40 | 1.  Initial generation of 10 unique snippets based on the requested divergence areas.\n41 | 2.  Execution of mypy, pyright, and pyre against each snippet to verify actual behavior, identify disagreements, and refine `EXPECTED`\u2026\n   |                                          ^^^^^^^\n   |\n\nerror[unresolved-reference]: Name `against` used when not defined\n  --> generated_examples/2026-01-08_16-42-53/source_files/protocol-callable-positional-as-keyword-only.py:41:42\n   |\n39 | I performed **2 rounds** of development to generate and validate these examples:\n40 | 1.  Initial generation of 10 unique snippets based on the requested divergence areas.\n41 | 2.  Execution of mypy, pyright, and pyre against each snippet to verify actual behavior, identify disagreements, and refine `EXPECTED`\u2026\n   |                                          ^^^^^^^\n   |\ninfo: rule `unresolved-reference` is enabled by default\n\nerror[invalid-syntax]: Expected `,`, found name\n  --> generated_examples/2026-01-08_16-42-53/source_files/protocol-callable-positional-as-keyword-only.py:41:50\n   |\n39 | I performed **2 rounds** of development to generate and validate these examples:\n40 | 1.  Initial generation of 10 unique snippets based on the requested divergence areas.\n41 | 2.  Execution of mypy, pyright, and pyre against each snippet to verify actual behavior, identify disagreements, and refine `EXPECTED`\u2026\n   |                                                  ^^^^\n   |\n\nerror[unresolved-reference]: Name `each` used when not defined\n  --> generated_examples/2026-01-08_16-42-53/source_files/protocol-callable-positional-as-keyword-only.py:41:50\n   |\n39 | I performed **2 rounds** of development to generate and validate these examples:\n40 | 1.  Initial generation of 10 unique snippets based on the requested divergence areas.\n41 | 2.  Execution of mypy, pyright, and pyre against each snippet to verify actual behavior, identify disagreements, and refine `EXPECTED`\u2026\n   |                                                  ^^^^\n   |\ninfo: rule `unresolved-reference` is enabled by default\n\nerror[invalid-syntax]: Expected `,`, found name\n  --> generated_examples/2026-01-08_16-42-53/source_files/protocol-callable-positional-as-keyword-only.py:41:55\n   |\n39 | I performed **2 rounds** of development to generate and validate these examples:\n40 | 1.  Initial generation of 10 unique snippets based on the requested divergence areas.\n41 | 2.  Execution of mypy, pyright, and pyre against each snippet to verify actual behavior, identify disagreements, and refine `EXPECTED`\u2026\n   |                                                       ^^^^^^^\n   |\n\nerror[unresolved-reference]: Name `snippet` used when not defined\n  --> generated_examples/2026-01-08_16-42-53/source_files/protocol-callable-positional-as-keyword-only.py:41:55\n   |\n39 | I performed **2 rounds** of development to generate and validate these examples:\n40 | 1.  Initial generation of 10 unique snippets based on the requested divergence areas.\n41 | 2.  Execution of mypy, pyright, and pyre against each snippet to verify actual behavior, identify disagreements, and refine `EXPECTED`\u2026\n   |                                                       ^^^^^^^\n   |\ninfo: rule `unresolved-reference` is enabled by default\n\nerror[invalid-syntax]: Expected `,`, found name\n  --> generated_examples/2026-01-08_16-42-53/source_files/protocol-callable-positional-as-keyword-only.py:41:63\n   |\n39 | I performed **2 rounds** of development to generate and validate these examples:\n40 | 1.  Initial generation of 10 unique snippets based on the requested divergence areas.\n41 | 2.  Execution of mypy, pyright, and pyre against each snippet to verify actual behavior, identify disagreements, and refine `EXPECTED`\u2026\n   |                                                               ^^\n   |\n\nerror[unresolved-reference]: Name `to` used when not defined\n  --> generated_examples/2026-01-08_16-42-53/source_files/protocol-callable-positional-as-keyword-only.py:41:63\n   |\n39 | I performed **2 rounds** of development to generate and validate these examples:\n40 | 1.  Initial generation of 10 unique snippets based on the requested divergence areas.\n41 | 2.  Execution of mypy, pyright, and pyre against each snippet to verify actual behavior, identify disagreements, and refine `EXPECTED`\u2026\n   |                                                               ^^\n   |\ninfo: rule `unresolved-reference` is enabled by default\n\nerror[invalid-syntax]: Expected `,`, found name\n  --> generated_examples/2026-01-08_16-42-53/source_files/protocol-callable-positional-as-keyword-only.py:41:66\n   |\n39 | I performed **2 rounds** of development to generate and validate these examples:\n40 | 1.  Initial generation of 10 unique snippets based on the requested divergence areas.\n41 | 2.  Execution of mypy, pyright, and pyre against each snippet to verify actual behavior, identify disagreements, and refine `EXPECTED`\u2026\n   |                                                                  ^^^^^^\n   |\n\nerror[unresolved-reference]: Name `verify` used when not defined\n  --> generated_examples/2026-01-08_16-42-53/source_files/protocol-callable-positional-as-keyword-only.py:41:66\n   |\n39 | I performed **2 rounds** of development to generate and validate these examples:\n40 | 1.  Initial generation of 10 unique snippets based on the requested divergence areas.\n41 | 2.  Execution of mypy, pyright, and pyre against each snippet to verify actual behavior, identify disagreements, and refine `EXPECTED`\u2026\n   |                                                                  ^^^^^^\n   |\ninfo: rule `unresolved-reference` is enabled by default\n\nerror[invalid-syntax]: Expected `,`, found name\n  --> generated_examples/2026-01-08_16-42-53/source_files/protocol-callable-positional-as-keyword-only.py:41:73\n   |\n39 | I performed **2 rounds** of development to generate and validate these examples:\n40 | 1.  Initial generation of 10 unique snippets based on the requested divergence areas.\n41 | 2.  Execution of mypy, pyright, and pyre against each snippet to verify actual behavior, identify disagreements, and refine `EXPECTED`\u2026\n   |                                                                         ^^^^^^\n   |\n\nerror[unresolved-reference]: Name `actual` used when not defined\n  --> generated_examples/2026-01-08_16-42-53/source_files/protocol-callable-positional-as-keyword-only.py:41:73\n   |\n39 | I performed **2 rounds** of development to generate and validate these examples:\n40 | 1.  Initial generation of 10 unique snippets based on the requested divergence areas.\n41 | 2.  Execution of mypy, pyright, and pyre against each snippet to verify actual behavior, identify disagreements, and refine `EXPECTED`\u2026\n   |                                                                         ^^^^^^\n   |\ninfo: rule `unresolved-reference` is enabled by default\n\nerror[invalid-syntax]: Expected `,`, found name\n  --> generated_examples/2026-01-08_16-42-53/source_files/protocol-callable-positional-as-keyword-only.py:41:80\n   |\n39 | I performed **2 rounds** of development to generate and validate these examples:\n40 | 1.  Initial generation of 10 unique snippets based on the requested divergence areas.\n41 | 2.  Execution of mypy, pyright, and pyre against each snippet to verify actual behavior, identify disagreements, and refine `EXPECTED`\u2026\n   |                                                                                ^^^^^^^^\n   |\n\nerror[unresolved-reference]: Name `behavior` used when not defined\n  --> generated_examples/2026-01-08_16-42-53/source_files/protocol-callable-positional-as-keyword-only.py:41:80\n   |\n39 | I performed **2 rounds** of development to generate and validate these examples:\n40 | 1.  Initial generation of 10 unique snippets based on the requested divergence areas.\n41 | 2.  Execution of mypy, pyright, and pyre against each snippet to verify actual behavior, identify disagreements, and refine `EXPECTED`\u2026\n   |                                                                                ^^^^^^^^\n   |\ninfo: rule `unresolved-reference` is enabled by default\n\nerror[unresolved-reference]: Name `identify` used when not defined\n  --> generated_examples/2026-01-08_16-42-53/source_files/protocol-callable-positional-as-keyword-only.py:41:90\n   |\n39 | I performed **2 rounds** of development to generate and validate these examples:\n40 | 1.  Initial generation of 10 unique snippets based on the requested divergence areas.\n41 | 2.  Execution of mypy, pyright, and pyre against each snippet to verify actual behavior, identify disagreements, and refine `EXPECTED`\u2026\n   |                                                                                          ^^^^^^^^\n   |\ninfo: rule `unresolved-reference` is enabled by default\n\nerror[invalid-syntax]: Expected `,`, found name\n  --> generated_examples/2026-01-08_16-42-53/source_files/protocol-callable-positional-as-keyword-only.py:41:99\n   |\n39 | I performed **2 rounds** of development to generate and validate these examples:\n40 | 1.  Initial generation of 10 unique snippets based on the requested divergence areas.\n41 | 2.  Execution of mypy, pyright, and pyre against each snippet to verify actual behavior, identify disagreements, and refine `EXPECTED`\u2026\n   |                                                                                                   ^^^^^^^^^^^^^\n   |\n\nerror[unresolved-reference]: Name `disagreements` used when not defined\n  --> generated_examples/2026-01-08_16-42-53/source_files/protocol-callable-positional-as-keyword-only.py:41:99\n   |\n39 | I performed **2 rounds** of development to generate and validate these examples:\n40 | 1.  Initial generation of 10 unique snippets based on the requested divergence areas.\n41 | 2.  Execution of mypy, pyright, and pyre against each snippet to verify actual behavior, identify disagreements, and refine `EXPECTED`\u2026\n   |                                                                                                   ^^^^^^^^^^^^^\n   |\ninfo: rule `unresolved-reference` is enabled by default\n\nerror[invalid-syntax]: Expected `,`, found `and`\n  --> generated_examples/2026-01-08_16-42-53/source_files/protocol-callable-positional-as-keyword-only.py:41:114\n   |\n39 | I performed **2 rounds** of development to generate and validate these examples:\n40 | 1.  Initial generation of 10 unique snippets based on the requested divergence areas.\n41 | 2.  Execution of mypy, pyright, and pyre against each snippet to verify actual behavior, identify disagreements, and refine `EXPECTED`\u2026\n   |                                                                                                                  ^^^\n   |\n\nerror[unresolved-reference]: Name `refine` used when not defined\n  --> generated_examples/2026-01-08_16-42-53/source_files/protocol-callable-positional-as-keyword-only.py:41:118\n   |\n39 | I performed **2 rounds** of development to generate and validate these examples:\n40 | 1.  Initial generation of 10 unique snippets based on the requested divergence areas.\n41 | 2.  Execution of mypy, pyright, and pyre against each snippet to verify actual behavior, identify disagreements, and refine `EXPECTED`\u2026\n   |                                                                                                                      ^^^^^^\n   |\ninfo: rule `unresolved-reference` is enabled by default\n\nerror[invalid-syntax]: Got unexpected token `\n  --> generated_examples/2026-01-08_16-42-53/source_files/protocol-callable-positional-as-keyword-only.py:41:125\n   |\n39 | I performed **2 rounds** of development to generate and validate these examples:\n40 | 1.  Initial generation of 10 unique snippets based on the requested divergence areas.\n41 | 2.  Execution of mypy, pyright, and pyre against each snippet to verify actual behavior, identify disagreements, and refine `EXPECTED`\u2026\n   |                                                                                                                             ^\n   |\n\nerror[unresolved-reference]: Name `EXPECTED` used when not defined\n  --> generated_examples/2026-01-08_16-42-53/source_files/protocol-callable-positional-as-keyword-only.py:41:126\n   |\n39 | \u2026e these examples:\n40 | \u2026sted divergence areas.\n41 | \u2026o verify actual behavior, identify disagreements, and refine `EXPECTED` and `REASON` descriptions. (Zuban behavior was estimated base\u2026\n   |                                                                ^^^^^^^^\n   |\ninfo: rule `unresolved-reference` is enabled by default\n\nerror[invalid-syntax]: Got unexpected token `\n  --> generated_examples/2026-01-08_16-42-53/source_files/protocol-callable-positional-as-keyword-only.py:41:134\n   |\n39 | \u2026ese examples:\n40 | \u2026 divergence areas.\n41 | \u2026rify actual behavior, identify disagreements, and refine `EXPECTED` and `REASON` descriptions. (Zuban behavior was estimated based on\u2026\n   |                                                                    ^\n   |\n\nerror[invalid-syntax]: Expected `,`, found `and`\n  --> generated_examples/2026-01-08_16-42-53/source_files/protocol-callable-positional-as-keyword-only.py:41:136\n   |\n39 | \u2026 examples:\n40 | \u2026vergence areas.\n41 | \u2026y actual behavior, identify disagreements, and refine `EXPECTED` and `REASON` descriptions. (Zuban behavior was estimated based on Py\u2026\n   |                                                                   ^^^\n   |\n\nerror[invalid-syntax]: Got unexpected token `\n  --> generated_examples/2026-01-08_16-42-53/source_files/protocol-callable-positional-as-keyword-only.py:41:140\n   |\n39 | \u2026amples:\n40 | \u2026gence areas.\n41 | \u2026ctual behavior, identify disagreements, and refine `EXPECTED` and `REASON` descriptions. (Zuban behavior was estimated based on Pyre.)\n   |                                                                    ^\n   |\n\nerror[unresolved-reference]: Name `REASON` used when not defined\n  --> generated_examples/2026-01-08_16-42-53/source_files/protocol-callable-positional-as-keyword-only.py:41:141\n   |\n39 | \u2026es:\n40 | \u2026e areas.\n41 | \u2026l behavior, identify disagreements, and refine `EXPECTED` and `REASON` descriptions. (Zuban behavior was estimated based on Pyre.)\n   |                                                                 ^^^^^^\n   |\ninfo: rule `unresolved-reference` is enabled by default\n\nerror[invalid-syntax]: Got unexpected token `\n  --> generated_examples/2026-01-08_16-42-53/source_files/protocol-callable-positional-as-keyword-only.py:41:147\n   |\n39 | \u2026\n40 | \u2026reas.\n41 | \u2026ehavior, identify disagreements, and refine `EXPECTED` and `REASON` descriptions. (Zuban behavior was estimated based on Pyre.)\n   |                                                                    ^\n   |\n\nerror[unresolved-reference]: Name `descriptions` used when not defined\n  --> generated_examples/2026-01-08_16-42-53/source_files/protocol-callable-positional-as-keyword-only.py:41:149\n   |\n39 | \u2026\n40 | \u2026\n41 | \u2026 identify disagreements, and refine `EXPECTED` and `REASON` descriptions. (Zuban behavior was estimated based on Pyre.)\n   |                                                              ^^^^^^^^^^^^\n   |\ninfo: rule `unresolved-reference` is enabled by default\n\nerror[invalid-syntax]: Expected an identifier\n  --> generated_examples/2026-01-08_16-42-53/source_files/protocol-callable-positional-as-keyword-only.py:41:163\n   |\n39 | \u2026\n40 | \u2026\n41 | \u2026y disagreements, and refine `EXPECTED` and `REASON` descriptions. (Zuban behavior was estimated based on Pyre.)\n   |                                                                    ^\n   |\n\nerror[unresolved-reference]: Name `Zuban` used when not defined\n  --> generated_examples/2026-01-08_16-42-53/source_files/protocol-callable-positional-as-keyword-only.py:41:164\n   |\n39 | \u2026\n40 | \u2026\n41 | \u2026isagreements, and refine `EXPECTED` and `REASON` descriptions. (Zuban behavior was estimated based on Pyre.)\n   |                                                                  ^^^^^\n   |\ninfo: rule `unresolved-reference` is enabled by default\n\nerror[invalid-syntax]: Expected `,`, found name\n  --> generated_examples/2026-01-08_16-42-53/source_files/protocol-callable-positional-as-keyword-only.py:41:170\n   |\n39 | \u2026\n40 | \u2026\n41 | \u2026ents, and refine `EXPECTED` and `REASON` descriptions. (Zuban behavior was estimated based on Pyre.)\n   |                                                                ^^^^^^^^\n   |\n\nerror[unresolved-reference]: Name `behavior` used when not defined\n  --> generated_examples/2026-01-08_16-42-53/source_files/protocol-callable-positional-as-keyword-only.py:41:170\n   |\n39 | \u2026\n40 | \u2026\n41 | \u2026ents, and refine `EXPECTED` and `REASON` descriptions. (Zuban behavior was estimated based on Pyre.)\n   |                                                                ^^^^^^^^\n   |\ninfo: rule `unresolved-reference` is enabled by default\n\nerror[invalid-syntax]: Expected `,`, found name\n  --> generated_examples/2026-01-08_16-42-53/source_files/protocol-callable-positional-as-keyword-only.py:41:179\n   |\n39 | \u2026\n40 | \u2026\n41 | \u2026and refine `EXPECTED` and `REASON` descriptions. (Zuban behavior was estimated based on Pyre.)\n   |                                                                   ^^^\n   |\n\nerror[unresolved-reference]: Name `was` used when not defined\n  --> generated_examples/2026-01-08_16-42-53/source_files/protocol-callable-positional-as-keyword-only.py:41:179\n   |\n39 | \u2026\n40 | \u2026\n41 | \u2026and refine `EXPECTED` and `REASON` descriptions. (Zuban behavior was estimated based on Pyre.)\n   |                                                                   ^^^\n   |\ninfo: rule `unresolved-reference` is enabled by default\n\nerror[invalid-syntax]: Expected `,`, found name\n  --> generated_examples/2026-01-08_16-42-53/source_files/protocol-callable-positional-as-keyword-only.py:41:183\n   |\n39 | \u2026\n40 | \u2026\n41 | \u2026ine `EXPECTED` and `REASON` descriptions. (Zuban behavior was estimated based on Pyre.)\n   |                                                                ^^^^^^^^^\n   |\n\nerror[unresolved-reference]: Name `estimated` used when not defined\n  --> generated_examples/2026-01-08_16-42-53/source_files/protocol-callable-positional-as-keyword-only.py:41:183\n   |\n39 | \u2026\n40 | \u2026\n41 | \u2026ine `EXPECTED` and `REASON` descriptions. (Zuban behavior was estimated based on Pyre.)\n   |                                                                ^^^^^^^^^\n   |\ninfo: rule `unresolved-reference` is enabled by default\n\nerror[invalid-syntax]: Expected `,`, found name\n  --> generated_examples/2026-01-08_16-42-53/source_files/protocol-callable-positional-as-keyword-only.py:41:193\n   |\n39 | \u2026\n40 | \u2026\n41 | \u2026ECTED` and `REASON` descriptions. (Zuban behavior was estimated based on Pyre.)\n   |                                                                  ^^^^^\n   |\n\nerror[unresolved-reference]: Name `based` used when not defined\n  --> generated_examples/2026-01-08_16-42-53/source_files/protocol-callable-positional-as-keyword-only.py:41:193\n   |\n39 | \u2026\n40 | \u2026\n41 | \u2026ECTED` and `REASON` descriptions. (Zuban behavior was estimated based on Pyre.)\n   |                                                                  ^^^^^\n   |\ninfo: rule `unresolved-reference` is enabled by default\n\nerror[invalid-syntax]: Expected `,`, found name\n  --> generated_examples/2026-01-08_16-42-53/source_files/protocol-callable-positional-as-keyword-only.py:41:199\n   |\n39 | \u2026\n40 | \u2026\n41 | \u2026` and `REASON` descriptions. (Zuban behavior was estimated based on Pyre.)\n   |                                                                   ^^\n   |\n\nerror[unresolved-reference]: Name `on` used when not defined\n  --> generated_examples/2026-01-08_16-42-53/source_files/protocol-callable-positional-as-keyword-only.py:41:199\n   |\n39 | \u2026\n40 | \u2026\n41 | \u2026` and `REASON` descriptions. (Zuban behavior was estimated based on Pyre.)\n   |                                                                   ^^\n   |\ninfo: rule `unresolved-reference` is enabled by default\n\nerror[invalid-syntax]: Expected `,`, found name\n  --> generated_examples/2026-01-08_16-42-53/source_files/protocol-callable-positional-as-keyword-only.py:41:202\n   |\n39 | \u2026\n40 | \u2026\n41 | \u2026d `REASON` descriptions. (Zuban behavior was estimated based on Pyre.)\n   |                                                                  ^^^^\n   |\n\nerror[unresolved-reference]: Name `Pyre` used when not defined\n  --> generated_examples/2026-01-08_16-42-53/source_files/protocol-callable-positional-as-keyword-only.py:41:202\n   |\n39 | \u2026\n40 | \u2026\n41 | \u2026d `REASON` descriptions. (Zuban behavior was estimated based on Pyre.)\n   |                                                                  ^^^^\n   |\ninfo: rule `unresolved-reference` is enabled by default\n\nerror[invalid-syntax]: Expected an identifier\n  --> generated_examples/2026-01-08_16-42-53/source_files/protocol-callable-positional-as-keyword-only.py:41:207\n   |\n39 | \u2026\n40 | \u2026\n41 | \u2026REASON` descriptions. (Zuban behavior was estimated based on Pyre.)\n   |                                                                    ^\n   |\n\nFound 92 diagnostics"
            }
        }
    ]
}
